<?xml version="1.0" encoding="UTF-8"?>
<testsuite name="edu.odu.cs.testRanges" tests="1" skipped="0" failures="0" errors="0" timestamp="2022-07-25T03:14:00" hostname="LAPTOP-7B4F4BRN" time="0.0">
  <properties/>
  <testcase name="ThisIsSilly()" classname="edu.odu.cs.testRanges" time="0.0"/>
  <system-out><![CDATA[]]></system-out>
  <system-err><![CDATA[]]></system-err>
</testsuite>
