<?xml version="1.0" encoding="UTF-8"?>
<testsuite name="edu.odu.cs.testInterval" tests="1" skipped="0" failures="0" errors="0" timestamp="2022-07-25T03:14:00" hostname="LAPTOP-7B4F4BRN" time="0.001">
  <properties/>
  <testcase name="Test4Lab()" classname="edu.odu.cs.testInterval" time="0.001"/>
  <system-out><![CDATA[]]></system-out>
  <system-err><![CDATA[]]></system-err>
</testsuite>
